<?xml version="1.0" encoding="UTF-8"?>
<!-- Generated by org.testng.reporters.JUnitReportReporter -->
<testsuite skipped="0" hostname="DESKTOP-MBD2ILJ" name="com.data.provider.demo.DataDrivenFrameworkDemo" tests="14" failures="0" timestamp="01 Dec 2019 01:54:09 GMT" time="8.260" errors="0">
  <testcase name="test_case_guru99_demo" time="0.008" classname="com.data.provider.demo.DataDrivenFrameworkDemo"/>
  <testcase name="test_case_guru99_demo" time="0.130" classname="com.data.provider.demo.DataDrivenFrameworkDemo"/>
  <testcase name="test_case_guru99_demo" time="0.174" classname="com.data.provider.demo.DataDrivenFrameworkDemo"/>
  <testcase name="test_case_guru99_demo" time="0.189" classname="com.data.provider.demo.DataDrivenFrameworkDemo"/>
  <testcase name="test_case_guru99_demo" time="0.177" classname="com.data.provider.demo.DataDrivenFrameworkDemo"/>
  <testcase name="test_case_guru99_demo" time="0.129" classname="com.data.provider.demo.DataDrivenFrameworkDemo"/>
  <testcase name="test_case_guru99_demo" time="1.467" classname="com.data.provider.demo.DataDrivenFrameworkDemo"/>
  <testcase name="test_case_guru99_demo" time="1.438" classname="com.data.provider.demo.DataDrivenFrameworkDemo"/>
  <testcase name="test_case_guru99_demo" time="0.972" classname="com.data.provider.demo.DataDrivenFrameworkDemo"/>
  <testcase name="test_case_guru99_demo" time="0.151" classname="com.data.provider.demo.DataDrivenFrameworkDemo"/>
  <testcase name="test_case_guru99_demo" time="0.143" classname="com.data.provider.demo.DataDrivenFrameworkDemo"/>
  <testcase name="test_case_guru99_demo" time="0.128" classname="com.data.provider.demo.DataDrivenFrameworkDemo"/>
  <testcase name="test_case_guru99_demo" time="0.199" classname="com.data.provider.demo.DataDrivenFrameworkDemo"/>
  <testcase name="test_case_guru99_demo" time="2.955" classname="com.data.provider.demo.DataDrivenFrameworkDemo"/>
</testsuite> <!-- com.data.provider.demo.DataDrivenFrameworkDemo -->
