<?xml version="1.0" encoding="UTF-8"?>
<!-- Generated by org.testng.reporters.JUnitReportReporter -->
<testsuite skipped="0" hostname="DESKTOP-MBD2ILJ" name="com.data.provider.demo.FirstTest" tests="3" failures="0" timestamp="01 Dec 2019 01:17:22 GMT" time="3.248" errors="0">
  <testcase name="openBrowser" time="3.012" classname="com.data.provider.demo.FirstTest"/>
  <testcase name="enterUserId" time="0.153" classname="com.data.provider.demo.FirstTest"/>
  <testcase name="enterPassword" time="0.083" classname="com.data.provider.demo.FirstTest"/>
</testsuite> <!-- com.data.provider.demo.FirstTest -->
